<?xml version="1.0" encoding="UTF-8"?>
<testsuite xmlns:xsi="http://www.w3.org/2001/XMLSchema-instance" xsi:noNamespaceSchemaLocation="https://maven.apache.org/surefire/maven-surefire-plugin/xsd/surefire-test-report-3.0.xsd" version="3.0" name="fr.univ_lyon1.info.m1.mes.HealthProTest" time="0.083" tests="3" errors="0" skipped="0" failures="0">
  <properties>
    <property name="java.specification.version" value="17"/>
    <property name="sun.cpu.isalist" value="amd64"/>
    <property name="sun.jnu.encoding" value="Cp1252"/>
    <property name="java.class.path" value="C:\Users\hlayh\Documents\MyCloudDocs\Cours_EnLine\Nawresse_Achour\mif01-2022\mes\target\test-classes;C:\Users\hlayh\Documents\MyCloudDocs\Cours_EnLine\Nawresse_Achour\mif01-2022\mes\target\classes;C:\Users\hlayh\.m2\repository\org\junit\jupiter\junit-jupiter-engine\5.9.0-M1\junit-jupiter-engine-5.9.0-M1.jar;C:\Users\hlayh\.m2\repository\org\junit\platform\junit-platform-engine\1.9.0-M1\junit-platform-engine-1.9.0-M1.jar;C:\Users\hlayh\.m2\repository\org\opentest4j\opentest4j\1.2.0\opentest4j-1.2.0.jar;C:\Users\hlayh\.m2\repository\org\junit\platform\junit-platform-commons\1.9.0-M1\junit-platform-commons-1.9.0-M1.jar;C:\Users\hlayh\.m2\repository\org\junit\jupiter\junit-jupiter-api\5.9.0-M1\junit-jupiter-api-5.9.0-M1.jar;C:\Users\hlayh\.m2\repository\org\apiguardian\apiguardian-api\1.1.2\apiguardian-api-1.1.2.jar;C:\Users\hlayh\.m2\repository\org\hamcrest\hamcrest\2.2\hamcrest-2.2.jar;C:\Users\hlayh\.m2\repository\org\openjfx\javafx-controls\19-ea+8\javafx-controls-19-ea+8.jar;C:\Users\hlayh\.m2\repository\org\openjfx\javafx-controls\19-ea+8\javafx-controls-19-ea+8-win.jar;C:\Users\hlayh\.m2\repository\org\openjfx\javafx-graphics\19-ea+8\javafx-graphics-19-ea+8.jar;C:\Users\hlayh\.m2\repository\org\openjfx\javafx-graphics\19-ea+8\javafx-graphics-19-ea+8-win.jar;C:\Users\hlayh\.m2\repository\org\openjfx\javafx-base\19-ea+8\javafx-base-19-ea+8.jar;C:\Users\hlayh\.m2\repository\org\openjfx\javafx-base\19-ea+8\javafx-base-19-ea+8-win.jar;C:\Users\hlayh\.m2\repository\org\yaml\snakeyaml\1.30\snakeyaml-1.30.jar;"/>
    <property name="java.vm.vendor" value="Oracle Corporation"/>
    <property name="sun.arch.data.model" value="64"/>
    <property name="user.variant" value=""/>
    <property name="java.vendor.url" value="https://java.oracle.com/"/>
    <property name="user.timezone" value="Asia/Beirut"/>
    <property name="os.name" value="Windows 11"/>
    <property name="java.vm.specification.version" value="17"/>
    <property name="user.country" value="US"/>
    <property name="sun.java.launcher" value="SUN_STANDARD"/>
    <property name="sun.boot.library.path" value="C:\Program Files\Java\jdk-17.0.4.1\bin"/>
    <property name="sun.java.command" value="C:\Users\hlayh\AppData\Local\Temp\surefire9213736448230240830\surefirebooter-20220924231724744_3.jar C:\Users\hlayh\AppData\Local\Temp\surefire9213736448230240830 2022-09-24T23-16-58_038-jvmRun1 surefire-20220924231724744_1tmp surefire_0-20220924231724744_2tmp"/>
    <property name="jdk.debug" value="release"/>
    <property name="surefire.test.class.path" value="C:\Users\hlayh\Documents\MyCloudDocs\Cours_EnLine\Nawresse_Achour\mif01-2022\mes\target\test-classes;C:\Users\hlayh\Documents\MyCloudDocs\Cours_EnLine\Nawresse_Achour\mif01-2022\mes\target\classes;C:\Users\hlayh\.m2\repository\org\junit\jupiter\junit-jupiter-engine\5.9.0-M1\junit-jupiter-engine-5.9.0-M1.jar;C:\Users\hlayh\.m2\repository\org\junit\platform\junit-platform-engine\1.9.0-M1\junit-platform-engine-1.9.0-M1.jar;C:\Users\hlayh\.m2\repository\org\opentest4j\opentest4j\1.2.0\opentest4j-1.2.0.jar;C:\Users\hlayh\.m2\repository\org\junit\platform\junit-platform-commons\1.9.0-M1\junit-platform-commons-1.9.0-M1.jar;C:\Users\hlayh\.m2\repository\org\junit\jupiter\junit-jupiter-api\5.9.0-M1\junit-jupiter-api-5.9.0-M1.jar;C:\Users\hlayh\.m2\repository\org\apiguardian\apiguardian-api\1.1.2\apiguardian-api-1.1.2.jar;C:\Users\hlayh\.m2\repository\org\hamcrest\hamcrest\2.2\hamcrest-2.2.jar;C:\Users\hlayh\.m2\repository\org\openjfx\javafx-controls\19-ea+8\javafx-controls-19-ea+8.jar;C:\Users\hlayh\.m2\repository\org\openjfx\javafx-controls\19-ea+8\javafx-controls-19-ea+8-win.jar;C:\Users\hlayh\.m2\repository\org\openjfx\javafx-graphics\19-ea+8\javafx-graphics-19-ea+8.jar;C:\Users\hlayh\.m2\repository\org\openjfx\javafx-graphics\19-ea+8\javafx-graphics-19-ea+8-win.jar;C:\Users\hlayh\.m2\repository\org\openjfx\javafx-base\19-ea+8\javafx-base-19-ea+8.jar;C:\Users\hlayh\.m2\repository\org\openjfx\javafx-base\19-ea+8\javafx-base-19-ea+8-win.jar;C:\Users\hlayh\.m2\repository\org\yaml\snakeyaml\1.30\snakeyaml-1.30.jar;"/>
    <property name="sun.cpu.endian" value="little"/>
    <property name="user.home" value="C:\Users\hlayh"/>
    <property name="user.language" value="en"/>
    <property name="java.specification.vendor" value="Oracle Corporation"/>
    <property name="java.version.date" value="2022-08-18"/>
    <property name="java.home" value="C:\Program Files\Java\jdk-17.0.4.1"/>
    <property name="file.separator" value="\"/>
    <property name="basedir" value="C:\Users\hlayh\Documents\MyCloudDocs\Cours_EnLine\Nawresse_Achour\mif01-2022\mes"/>
    <property name="java.vm.compressedOopsMode" value="Zero based"/>
    <property name="line.separator" value="&#10;"/>
    <property name="java.vm.specification.vendor" value="Oracle Corporation"/>
    <property name="java.specification.name" value="Java Platform API Specification"/>
    <property name="surefire.real.class.path" value="C:\Users\hlayh\AppData\Local\Temp\surefire9213736448230240830\surefirebooter-20220924231724744_3.jar"/>
    <property name="user.script" value=""/>
    <property name="sun.management.compiler" value="HotSpot 64-Bit Tiered Compilers"/>
    <property name="java.runtime.version" value="17.0.4.1+1-LTS-2"/>
    <property name="user.name" value="hlayh"/>
    <property name="path.separator" value=";"/>
    <property name="os.version" value="10.0"/>
    <property name="java.runtime.name" value="Java(TM) SE Runtime Environment"/>
    <property name="file.encoding" value="UTF-8"/>
    <property name="java.vm.name" value="Java HotSpot(TM) 64-Bit Server VM"/>
    <property name="maven.ext.class.path" value="C:\Program Files\NetBeans-15\netbeans\java\maven-nblib\netbeans-eventspy.jar"/>
    <property name="localRepository" value="C:\Users\hlayh\.m2\repository"/>
    <property name="java.vendor.url.bug" value="https://bugreport.java.com/bugreport/"/>
    <property name="java.io.tmpdir" value="C:\Users\hlayh\AppData\Local\Temp\"/>
    <property name="java.version" value="17.0.4.1"/>
    <property name="user.dir" value="C:\Users\hlayh\Documents\MyCloudDocs\Cours_EnLine\Nawresse_Achour\mif01-2022\mes"/>
    <property name="os.arch" value="amd64"/>
    <property name="java.vm.specification.name" value="Java Virtual Machine Specification"/>
    <property name="sun.os.patch.level" value=""/>
    <property name="native.encoding" value="Cp1252"/>
    <property name="java.library.path" value="C:\Program Files\Java\jdk-17.0.4.1\bin;C:\Windows\Sun\Java\bin;C:\Windows\system32;C:\Windows;C:\Python310\Scripts\;C:\Python310\;C:\Program Files\Common Files\Oracle\Java\javapath;C:\Windows\system32;C:\Windows;C:\Windows\System32\Wbem;C:\Windows\System32\WindowsPowerShell\v1.0\;C:\Windows\System32\OpenSSH\;C:\Program Files\dotnet\;C:\Program Files (x86)\NVIDIA Corporation\PhysX\Common;C:\Program Files\NVIDIA Corporation\NVIDIA NvDLISR;C:\Program Files\nodejs\;C:\ProgramData\chocolatey\bin;C:\Program Files\Git\cmd;C:\Program Files\MySQL\MySQL Shell 8.0\bin\;C:\Users\hlayh\AppData\Local\Microsoft\WindowsApps;;C:\Users\hlayh\AppData\Local\Programs\Microsoft VS Code\bin;C:\Users\hlayh\AppData\Roaming\npm;."/>
    <property name="java.vm.info" value="mixed mode, sharing"/>
    <property name="java.vendor" value="Oracle Corporation"/>
    <property name="java.vm.version" value="17.0.4.1+1-LTS-2"/>
    <property name="sun.io.unicode.encoding" value="UnicodeLittle"/>
    <property name="java.class.version" value="61.0"/>
  </properties>
  <testcase name="HealthProfessionalName" classname="fr.univ_lyon1.info.m1.mes.HealthProTest" time="0.045"/>
  <testcase name="GetPrescriptionTest" classname="fr.univ_lyon1.info.m1.mes.HealthProTest" time="0.015"/>
  <testcase name="GetNotPrescriptionTest" classname="fr.univ_lyon1.info.m1.mes.HealthProTest" time="0.002"/>
</testsuite>